<?xml version="1.0" encoding="UTF-8"?>
<!-- Generated by org.testng.reporters.JUnitReportReporter -->
<testsuite hostname="Vasant" failures="0" tests="6" name="com.testng.FBSignUpPage" time="0.059" errors="0" timestamp="2024-11-23T12:17:19 IST" skipped="0">
  <testcase classname="com.testng.FBSignUpPage" name="signUp" time="0.006"/>
  <system-out/>
  <testcase classname="com.testng.FBSignUpPage" name="signUp" time="0.029"/>
  <system-out/>
  <testcase classname="com.testng.FBSignUpPage" name="signUp" time="0.006"/>
  <system-out/>
  <testcase classname="com.testng.FBSignUpPage" name="signUp" time="0.004"/>
  <system-out/>
  <testcase classname="com.testng.FBSignUpPage" name="signUp" time="0.006"/>
  <system-out/>
  <testcase classname="com.testng.FBSignUpPage" name="signUp" time="0.008"/>
  <system-out/>
</testsuite> <!-- com.testng.FBSignUpPage -->
