<?xml version="1.0" encoding="UTF-8"?>
<!-- Generated by org.testng.reporters.JUnitReportReporter -->
<testsuite hostname="Vasant" failures="0" tests="1" name="com.testng.TestNGTest" time="0.033" errors="0" timestamp="2024-11-17T11:27:19 IST" skipped="0">
  <testcase classname="com.testng.TestNGTest" name="test" time="0.033"/>
  <system-out/>
</testsuite> <!-- com.testng.TestNGTest -->
