<?xml version="1.0" encoding="UTF-8"?>
<!-- Generated by org.testng.reporters.JUnitReportReporter -->
<testsuite hostname="Vasant" failures="0" tests="5" name="com.testng.DependentTestInTestNG" time="0.047" errors="0" timestamp="2024-11-17T12:42:15 IST" skipped="0">
  <testcase classname="com.testng.DependentTestInTestNG" name="login" time="0.023"/>
  <system-out/>
  <testcase classname="com.testng.DependentTestInTestNG" name="logout" time="0.012"/>
  <system-out/>
  <testcase classname="com.testng.DependentTestInTestNG" name="createPorfile" time="0.002"/>
  <system-out/>
  <testcase classname="com.testng.DependentTestInTestNG" name="updatePrfoile" time="0.008"/>
  <system-out/>
  <testcase classname="com.testng.DependentTestInTestNG" name="deleteProfile" time="0.002"/>
  <system-out/>
</testsuite> <!-- com.testng.DependentTestInTestNG -->
