<?xml version="1.0" encoding="UTF-8"?>
<!-- Generated by org.testng.reporters.JUnitReportReporter -->
<testsuite hostname="Vasant" failures="0" tests="2" name="com.testng.TestNGAnnotation" time="0.060" errors="0" timestamp="2024-11-17T12:01:50 IST" skipped="0">
  <testcase classname="com.testng.TestNGAnnotation" name="test2" time="0.019"/>
  <system-out/>
  <testcase classname="com.testng.TestNGAnnotation" name="test1" time="0.041"/>
  <system-out/>
</testsuite> <!-- com.testng.TestNGAnnotation -->
