<?xml version="1.0" encoding="UTF-8"?>
<!-- Generated by org.testng.reporters.JUnitReportReporter -->
<testsuite hostname="Vasant" failures="0" tests="2" name="com.testng.FailedTestInTestNG" time="0.028" errors="0" timestamp="2024-11-23T10:55:34 IST" skipped="0">
  <testcase classname="com.testng.FailedTestInTestNG" name="test2" time="0.025"/>
  <system-out/>
  <testcase classname="com.testng.FailedTestInTestNG" name="test4" time="0.003"/>
  <system-out/>
</testsuite> <!-- com.testng.FailedTestInTestNG -->
