<?xml version="1.0" encoding="UTF-8"?>
<!-- Generated by org.testng.reporters.JUnitReportReporter -->
<testsuite hostname="Vasant" failures="0" tests="2" name="com.testng.DisableTestInTestNG" time="0.037" errors="0" timestamp="2024-11-17T12:46:22 IST" skipped="1">
  <testcase classname="com.testng.DisableTestInTestNG" name="test1" time="0.037"/>
  <system-out/>
  <testcase classname="com.testng.DisableTestInTestNG" name="test3">
    <skipped/>
  </testcase> <!-- test3 -->
  <system-out/>
</testsuite> <!-- com.testng.DisableTestInTestNG -->
