<?xml version="1.0" encoding="UTF-8"?>
<!-- Generated by org.testng.reporters.JUnitReportReporter -->
<testsuite hostname="Vasant" failures="0" tests="3" name="com.testng.DataDrivenTesting" time="0.025" errors="0" timestamp="2024-11-23T11:07:08 IST" skipped="0">
  <testcase classname="com.testng.DataDrivenTesting" name="getData" time="0.002"/>
  <system-out/>
  <testcase classname="com.testng.DataDrivenTesting" name="getData" time="0.004"/>
  <system-out/>
  <testcase classname="com.testng.DataDrivenTesting" name="getData" time="0.019"/>
  <system-out/>
</testsuite> <!-- com.testng.DataDrivenTesting -->
