<?xml version="1.0" encoding="UTF-8"?>
<!-- Generated by org.testng.reporters.JUnitReportReporter -->
<testsuite hostname="Vasant" failures="0" tests="3" name="com.testng.FB_Login" time="0.507" errors="0" timestamp="2024-11-17T13:42:39 IST" skipped="0">
  <testcase classname="com.testng.FB_Login" name="validateFBVisibleTxt" time="0.189"/>
  <system-out/>
  <testcase classname="com.testng.FB_Login" name="verifyFBTitle" time="0.043"/>
  <system-out/>
  <testcase classname="com.testng.FB_Login" name="isFacebookLogoDisplayed" time="0.275"/>
  <system-out/>
</testsuite> <!-- com.testng.FB_Login -->
