<?xml version="1.0" encoding="UTF-8"?>
<!-- Generated by org.testng.reporters.JUnitReportReporter -->
<testsuite hostname="Vasant" failures="0" tests="3" name="com.testng.DefaultEexecutionInTestNGTest" time="0.036" errors="0" timestamp="2024-11-17T12:29:05 IST" skipped="0">
  <testcase classname="com.testng.DefaultEexecutionInTestNGTest" name="updatePrfoile" time="0.004"/>
  <system-out/>
  <testcase classname="com.testng.DefaultEexecutionInTestNGTest" name="login" time="0.022"/>
  <system-out/>
  <testcase classname="com.testng.DefaultEexecutionInTestNGTest" name="logout" time="0.010"/>
  <system-out/>
</testsuite> <!-- com.testng.DefaultEexecutionInTestNGTest -->
