<?xml version="1.0" encoding="UTF-8"?>
<!-- Generated by org.testng.reporters.JUnitReportReporter -->
<testsuite hostname="Vasant" failures="0" tests="1" name="com.testng.TC02" time="0.005" errors="0" timestamp="2024-11-17T12:18:16 IST" skipped="0">
  <testcase classname="com.testng.TC02" name="tc02" time="0.005"/>
  <system-out/>
</testsuite> <!-- com.testng.TC02 -->
