<?xml version="1.0" encoding="UTF-8"?>
<!-- Generated by org.testng.reporters.JUnitReportReporter -->
<testsuite hostname="Vasant" failures="0" tests="5" name="com.testng.PriortiseTestInTestNG" time="0.063" errors="0" timestamp="2024-11-17T12:35:39 IST" skipped="0">
  <testcase classname="com.testng.PriortiseTestInTestNG" name="login" time="0.038"/>
  <system-out/>
  <testcase classname="com.testng.PriortiseTestInTestNG" name="updatePrfoile" time="0.008"/>
  <system-out/>
  <testcase classname="com.testng.PriortiseTestInTestNG" name="createPorfile" time="0.003"/>
  <system-out/>
  <testcase classname="com.testng.PriortiseTestInTestNG" name="deleteProfile" time="0.009"/>
  <system-out/>
  <testcase classname="com.testng.PriortiseTestInTestNG" name="logout" time="0.005"/>
  <system-out/>
</testsuite> <!-- com.testng.PriortiseTestInTestNG -->
